androidApp/build/intermediates/manifest_merge_blame_file/debug/manifest-merger-blame-debug-report.txt
1<?xml version="1.0" encoding="utf-8"?>
2<manifest xmlns:android="http://schemas.android.com/apk/res/android"
3    package="com.areareporter.android"
4    android:versionCode="1"
5    android:versionName="1.0" >
6
7    <uses-sdk
8        android:minSdkVersion="26"
9        android:targetSdkVersion="34" />
10
11    <!-- Network permissions -->
12    <uses-permission android:name="android.permission.INTERNET" />
12-->src\main\AndroidManifest.xml:5:5-67
12-->src\main\AndroidManifest.xml:5:22-64
13    <uses-permission android:name="android.permission.ACCESS_NETWORK_STATE" />
13-->src\main\AndroidManifest.xml:6:5-79
13-->src\main\AndroidManifest.xml:6:22-76
14    <uses-permission android:name="android.permission.CHANGE_NETWORK_STATE" />
14-->src\main\AndroidManifest.xml:7:5-79
14-->src\main\AndroidManifest.xml:7:22-76
15
16    <!-- Location permissions -->
17    <uses-permission android:name="android.permission.ACCESS_FINE_LOCATION" />
17-->src\main\AndroidManifest.xml:10:5-79
17-->src\main\AndroidManifest.xml:10:22-76
18    <uses-permission android:name="android.permission.ACCESS_COARSE_LOCATION" />
18-->src\main\AndroidManifest.xml:11:5-81
18-->src\main\AndroidManifest.xml:11:22-78
19
20    <!-- Camera and storage permissions -->
21    <uses-permission android:name="android.permission.CAMERA" />
21-->src\main\AndroidManifest.xml:14:5-65
21-->src\main\AndroidManifest.xml:14:22-62
22    <uses-permission android:name="android.permission.READ_MEDIA_IMAGES" />
22-->src\main\AndroidManifest.xml:15:5-76
22-->src\main\AndroidManifest.xml:15:22-73
23    <uses-permission
23-->src\main\AndroidManifest.xml:16:5-17:38
24        android:name="android.permission.READ_EXTERNAL_STORAGE"
24-->src\main\AndroidManifest.xml:16:22-77
25        android:maxSdkVersion="32" />
25-->src\main\AndroidManifest.xml:17:9-35
26    <uses-permission
26-->src\main\AndroidManifest.xml:18:5-19:38
27        android:name="android.permission.WRITE_EXTERNAL_STORAGE"
27-->src\main\AndroidManifest.xml:18:22-78
28        android:maxSdkVersion="28" />
28-->src\main\AndroidManifest.xml:19:9-35
29
30    <!-- WorkManager requires foreground service permission on Android 14+ -->
31    <uses-permission android:name="android.permission.FOREGROUND_SERVICE" />
31-->src\main\AndroidManifest.xml:22:5-77
31-->src\main\AndroidManifest.xml:22:22-74
32    <uses-permission android:name="android.permission.POST_NOTIFICATIONS" />
32-->src\main\AndroidManifest.xml:23:5-77
32-->src\main\AndroidManifest.xml:23:22-74
33
34    <!-- Camera feature (optional) -->
35    <uses-feature
35-->src\main\AndroidManifest.xml:26:5-28:36
36        android:name="android.hardware.camera"
36-->src\main\AndroidManifest.xml:27:9-47
37        android:required="false" />
37-->src\main\AndroidManifest.xml:28:9-33
38
39    <uses-permission android:name="android.permission.WAKE_LOCK" />
39-->[androidx.work:work-runtime:2.9.0] AndroidManifest.xml:23:5-68
39-->[androidx.work:work-runtime:2.9.0] AndroidManifest.xml:23:22-65
40    <uses-permission android:name="android.permission.RECEIVE_BOOT_COMPLETED" />
40-->[androidx.work:work-runtime:2.9.0] AndroidManifest.xml:25:5-81
40-->[androidx.work:work-runtime:2.9.0] AndroidManifest.xml:25:22-78
41
42    <permission
42-->[androidx.core:core:1.12.0] AndroidManifest.xml:22:5-24:47
43        android:name="com.areareporter.android.DYNAMIC_RECEIVER_NOT_EXPORTED_PERMISSION"
43-->[androidx.core:core:1.12.0] AndroidManifest.xml:23:9-81
44        android:protectionLevel="signature" />
44-->[androidx.core:core:1.12.0] AndroidManifest.xml:24:9-44
45
46    <uses-permission android:name="com.areareporter.android.DYNAMIC_RECEIVER_NOT_EXPORTED_PERMISSION" />
46-->[androidx.core:core:1.12.0] AndroidManifest.xml:26:5-97
46-->[androidx.core:core:1.12.0] AndroidManifest.xml:26:22-94
47
48    <application
48-->src\main\AndroidManifest.xml:30:5-58:19
49        android:name="com.areareporter.android.AreaReporterApplication"
49-->src\main\AndroidManifest.xml:31:9-48
50        android:allowBackup="true"
50-->src\main\AndroidManifest.xml:32:9-35
51        android:appComponentFactory="androidx.core.app.CoreComponentFactory"
51-->[androidx.core:core:1.12.0] AndroidManifest.xml:28:18-86
52        android:debuggable="true"
53        android:extractNativeLibs="false"
54        android:hardwareAccelerated="true"
54-->src\main\AndroidManifest.xml:36:9-43
55        android:label="Area Reporter"
55-->src\main\AndroidManifest.xml:33:9-38
56        android:supportsRtl="true"
56-->src\main\AndroidManifest.xml:34:9-35
57        android:testOnly="true"
58        android:theme="@style/Theme.AreaReporter" >
58-->src\main\AndroidManifest.xml:35:9-50
59        <activity
59-->src\main\AndroidManifest.xml:38:9-47:20
60            android:name="com.areareporter.android.MainActivity"
60-->src\main\AndroidManifest.xml:39:13-41
61            android:exported="true"
61-->src\main\AndroidManifest.xml:40:13-36
62            android:theme="@style/Theme.AreaReporter"
62-->src\main\AndroidManifest.xml:41:13-54
63            android:windowSoftInputMode="adjustResize" >
63-->src\main\AndroidManifest.xml:42:13-55
64            <intent-filter>
64-->src\main\AndroidManifest.xml:43:13-46:29
65                <action android:name="android.intent.action.MAIN" />
65-->src\main\AndroidManifest.xml:44:17-69
65-->src\main\AndroidManifest.xml:44:25-66
66
67                <category android:name="android.intent.category.LAUNCHER" />
67-->src\main\AndroidManifest.xml:45:17-77
67-->src\main\AndroidManifest.xml:45:27-74
68            </intent-filter>
69        </activity>
70
71        <!-- WorkManager initialization provider -->
72        <provider
73            android:name="androidx.startup.InitializationProvider"
73-->src\main\AndroidManifest.xml:51:13-67
74            android:authorities="com.areareporter.android.androidx-startup"
74-->src\main\AndroidManifest.xml:52:13-68
75            android:exported="false" >
75-->src\main\AndroidManifest.xml:53:13-37
76            <meta-data
76-->[media.kamel:kamel-core-android-debug:0.9.1] AndroidManifest.xml:16:13-18:52
77                android:name="io.kamel.core.ApplicationContextInitializer"
77-->[media.kamel:kamel-core-android-debug:0.9.1] AndroidManifest.xml:17:17-75
78                android:value="androidx.startup" />
78-->[media.kamel:kamel-core-android-debug:0.9.1] AndroidManifest.xml:18:17-49
79            <meta-data
79-->[androidx.work:work-runtime:2.9.0] AndroidManifest.xml:34:13-36:52
80                android:name="androidx.work.WorkManagerInitializer"
80-->[androidx.work:work-runtime:2.9.0] AndroidManifest.xml:35:17-68
81                android:value="androidx.startup" />
81-->[androidx.work:work-runtime:2.9.0] AndroidManifest.xml:36:17-49
82            <meta-data
82-->[androidx.emoji2:emoji2:1.4.0] AndroidManifest.xml:29:13-31:52
83                android:name="androidx.emoji2.text.EmojiCompatInitializer"
83-->[androidx.emoji2:emoji2:1.4.0] AndroidManifest.xml:30:17-75
84                android:value="androidx.startup" />
84-->[androidx.emoji2:emoji2:1.4.0] AndroidManifest.xml:31:17-49
85            <meta-data
85-->[androidx.lifecycle:lifecycle-process:2.7.0] AndroidManifest.xml:29:13-31:52
86                android:name="androidx.lifecycle.ProcessLifecycleInitializer"
86-->[androidx.lifecycle:lifecycle-process:2.7.0] AndroidManifest.xml:30:17-78
87                android:value="androidx.startup" />
87-->[androidx.lifecycle:lifecycle-process:2.7.0] AndroidManifest.xml:31:17-49
88            <meta-data
88-->[androidx.profileinstaller:profileinstaller:1.3.1] AndroidManifest.xml:29:13-31:52
89                android:name="androidx.profileinstaller.ProfileInstallerInitializer"
89-->[androidx.profileinstaller:profileinstaller:1.3.1] AndroidManifest.xml:30:17-85
90                android:value="androidx.startup" />
90-->[androidx.profileinstaller:profileinstaller:1.3.1] AndroidManifest.xml:31:17-49
91        </provider>
92
93        <service
93-->[androidx.work:work-runtime:2.9.0] AndroidManifest.xml:39:9-45:35
94            android:name="androidx.work.impl.background.systemalarm.SystemAlarmService"
94-->[androidx.work:work-runtime:2.9.0] AndroidManifest.xml:40:13-88
95            android:directBootAware="false"
95-->[androidx.work:work-runtime:2.9.0] AndroidManifest.xml:41:13-44
96            android:enabled="@bool/enable_system_alarm_service_default"
96-->[androidx.work:work-runtime:2.9.0] AndroidManifest.xml:42:13-72
97            android:exported="false" />
97-->[androidx.work:work-runtime:2.9.0] AndroidManifest.xml:43:13-37
98        <service
98-->[androidx.work:work-runtime:2.9.0] AndroidManifest.xml:46:9-52:35
99            android:name="androidx.work.impl.background.systemjob.SystemJobService"
99-->[androidx.work:work-runtime:2.9.0] AndroidManifest.xml:47:13-84
100            android:directBootAware="false"
100-->[androidx.work:work-runtime:2.9.0] AndroidManifest.xml:48:13-44
101            android:enabled="@bool/enable_system_job_service_default"
101-->[androidx.work:work-runtime:2.9.0] AndroidManifest.xml:49:13-70
102            android:exported="true"
102-->[androidx.work:work-runtime:2.9.0] AndroidManifest.xml:50:13-36
103            android:permission="android.permission.BIND_JOB_SERVICE" />
103-->[androidx.work:work-runtime:2.9.0] AndroidManifest.xml:51:13-69
104        <service
104-->[androidx.work:work-runtime:2.9.0] AndroidManifest.xml:53:9-59:35
105            android:name="androidx.work.impl.foreground.SystemForegroundService"
105-->[androidx.work:work-runtime:2.9.0] AndroidManifest.xml:54:13-81
106            android:directBootAware="false"
106-->[androidx.work:work-runtime:2.9.0] AndroidManifest.xml:55:13-44
107            android:enabled="@bool/enable_system_foreground_service_default"
107-->[androidx.work:work-runtime:2.9.0] AndroidManifest.xml:56:13-77
108            android:exported="false" />
108-->[androidx.work:work-runtime:2.9.0] AndroidManifest.xml:57:13-37
109
110        <receiver
110-->[androidx.work:work-runtime:2.9.0] AndroidManifest.xml:61:9-66:35
111            android:name="androidx.work.impl.utils.ForceStopRunnable$BroadcastReceiver"
111-->[androidx.work:work-runtime:2.9.0] AndroidManifest.xml:62:13-88
112            android:directBootAware="false"
112-->[androidx.work:work-runtime:2.9.0] AndroidManifest.xml:63:13-44
113            android:enabled="true"
113-->[androidx.work:work-runtime:2.9.0] AndroidManifest.xml:64:13-35
114            android:exported="false" />
114-->[androidx.work:work-runtime:2.9.0] AndroidManifest.xml:65:13-37
115        <receiver
115-->[androidx.work:work-runtime:2.9.0] AndroidManifest.xml:67:9-77:20
116            android:name="androidx.work.impl.background.systemalarm.ConstraintProxy$BatteryChargingProxy"
116-->[androidx.work:work-runtime:2.9.0] AndroidManifest.xml:68:13-106
117            android:directBootAware="false"
117-->[androidx.work:work-runtime:2.9.0] AndroidManifest.xml:69:13-44
118            android:enabled="false"
118-->[androidx.work:work-runtime:2.9.0] AndroidManifest.xml:70:13-36
119            android:exported="false" >
119-->[androidx.work:work-runtime:2.9.0] AndroidManifest.xml:71:13-37
120            <intent-filter>
120-->[androidx.work:work-runtime:2.9.0] AndroidManifest.xml:73:13-76:29
121                <action android:name="android.intent.action.ACTION_POWER_CONNECTED" />
121-->[androidx.work:work-runtime:2.9.0] AndroidManifest.xml:74:17-87
121-->[androidx.work:work-runtime:2.9.0] AndroidManifest.xml:74:25-84
122                <action android:name="android.intent.action.ACTION_POWER_DISCONNECTED" />
122-->[androidx.work:work-runtime:2.9.0] AndroidManifest.xml:75:17-90
122-->[androidx.work:work-runtime:2.9.0] AndroidManifest.xml:75:25-87
123            </intent-filter>
124        </receiver>
125        <receiver
125-->[androidx.work:work-runtime:2.9.0] AndroidManifest.xml:78:9-88:20
126            android:name="androidx.work.impl.background.systemalarm.ConstraintProxy$BatteryNotLowProxy"
126-->[androidx.work:work-runtime:2.9.0] AndroidManifest.xml:79:13-104
127            android:directBootAware="false"
127-->[androidx.work:work-runtime:2.9.0] AndroidManifest.xml:80:13-44
128            android:enabled="false"
128-->[androidx.work:work-runtime:2.9.0] AndroidManifest.xml:81:13-36
129            android:exported="false" >
129-->[androidx.work:work-runtime:2.9.0] AndroidManifest.xml:82:13-37
130            <intent-filter>
130-->[androidx.work:work-runtime:2.9.0] AndroidManifest.xml:84:13-87:29
131                <action android:name="android.intent.action.BATTERY_OKAY" />
131-->[androidx.work:work-runtime:2.9.0] AndroidManifest.xml:85:17-77
131-->[androidx.work:work-runtime:2.9.0] AndroidManifest.xml:85:25-74
132                <action android:name="android.intent.action.BATTERY_LOW" />
132-->[androidx.work:work-runtime:2.9.0] AndroidManifest.xml:86:17-76
132-->[androidx.work:work-runtime:2.9.0] AndroidManifest.xml:86:25-73
133            </intent-filter>
134        </receiver>
135        <receiver
135-->[androidx.work:work-runtime:2.9.0] AndroidManifest.xml:89:9-99:20
136            android:name="androidx.work.impl.background.systemalarm.ConstraintProxy$StorageNotLowProxy"
136-->[androidx.work:work-runtime:2.9.0] AndroidManifest.xml:90:13-104
137            android:directBootAware="false"
137-->[androidx.work:work-runtime:2.9.0] AndroidManifest.xml:91:13-44
138            android:enabled="false"
138-->[androidx.work:work-runtime:2.9.0] AndroidManifest.xml:92:13-36
139            android:exported="false" >
139-->[androidx.work:work-runtime:2.9.0] AndroidManifest.xml:93:13-37
140            <intent-filter>
140-->[androidx.work:work-runtime:2.9.0] AndroidManifest.xml:95:13-98:29
141                <action android:name="android.intent.action.DEVICE_STORAGE_LOW" />
141-->[androidx.work:work-runtime:2.9.0] AndroidManifest.xml:96:17-83
141-->[androidx.work:work-runtime:2.9.0] AndroidManifest.xml:96:25-80
142                <action android:name="android.intent.action.DEVICE_STORAGE_OK" />
142-->[androidx.work:work-runtime:2.9.0] AndroidManifest.xml:97:17-82
142-->[androidx.work:work-runtime:2.9.0] AndroidManifest.xml:97:25-79
143            </intent-filter>
144        </receiver>
145        <receiver
145-->[androidx.work:work-runtime:2.9.0] AndroidManifest.xml:100:9-109:20
146            android:name="androidx.work.impl.background.systemalarm.ConstraintProxy$NetworkStateProxy"
146-->[androidx.work:work-runtime:2.9.0] AndroidManifest.xml:101:13-103
147            android:directBootAware="false"
147-->[androidx.work:work-runtime:2.9.0] AndroidManifest.xml:102:13-44
148            android:enabled="false"
148-->[androidx.work:work-runtime:2.9.0] AndroidManifest.xml:103:13-36
149            android:exported="false" >
149-->[androidx.work:work-runtime:2.9.0] AndroidManifest.xml:104:13-37
150            <intent-filter>
150-->[androidx.work:work-runtime:2.9.0] AndroidManifest.xml:106:13-108:29
151                <action android:name="android.net.conn.CONNECTIVITY_CHANGE" />
151-->[androidx.work:work-runtime:2.9.0] AndroidManifest.xml:107:17-79
151-->[androidx.work:work-runtime:2.9.0] AndroidManifest.xml:107:25-76
152            </intent-filter>
153        </receiver>
154        <receiver
154-->[androidx.work:work-runtime:2.9.0] AndroidManifest.xml:110:9-121:20
155            android:name="androidx.work.impl.background.systemalarm.RescheduleReceiver"
155-->[androidx.work:work-runtime:2.9.0] AndroidManifest.xml:111:13-88
156            android:directBootAware="false"
156-->[androidx.work:work-runtime:2.9.0] AndroidManifest.xml:112:13-44
157            android:enabled="false"
157-->[androidx.work:work-runtime:2.9.0] AndroidManifest.xml:113:13-36
158            android:exported="false" >
158-->[androidx.work:work-runtime:2.9.0] AndroidManifest.xml:114:13-37
159            <intent-filter>
159-->[androidx.work:work-runtime:2.9.0] AndroidManifest.xml:116:13-120:29
160                <action android:name="android.intent.action.BOOT_COMPLETED" />
160-->[androidx.work:work-runtime:2.9.0] AndroidManifest.xml:117:17-79
160-->[androidx.work:work-runtime:2.9.0] AndroidManifest.xml:117:25-76
161                <action android:name="android.intent.action.TIME_SET" />
161-->[androidx.work:work-runtime:2.9.0] AndroidManifest.xml:118:17-73
161-->[androidx.work:work-runtime:2.9.0] AndroidManifest.xml:118:25-70
162                <action android:name="android.intent.action.TIMEZONE_CHANGED" />
162-->[androidx.work:work-runtime:2.9.0] AndroidManifest.xml:119:17-81
162-->[androidx.work:work-runtime:2.9.0] AndroidManifest.xml:119:25-78
163            </intent-filter>
164        </receiver>
165        <receiver
165-->[androidx.work:work-runtime:2.9.0] AndroidManifest.xml:122:9-131:20
166            android:name="androidx.work.impl.background.systemalarm.ConstraintProxyUpdateReceiver"
166-->[androidx.work:work-runtime:2.9.0] AndroidManifest.xml:123:13-99
167            android:directBootAware="false"
167-->[androidx.work:work-runtime:2.9.0] AndroidManifest.xml:124:13-44
168            android:enabled="@bool/enable_system_alarm_service_default"
168-->[androidx.work:work-runtime:2.9.0] AndroidManifest.xml:125:13-72
169            android:exported="false" >
169-->[androidx.work:work-runtime:2.9.0] AndroidManifest.xml:126:13-37
170            <intent-filter>
170-->[androidx.work:work-runtime:2.9.0] AndroidManifest.xml:128:13-130:29
171                <action android:name="androidx.work.impl.background.systemalarm.UpdateProxies" />
171-->[androidx.work:work-runtime:2.9.0] AndroidManifest.xml:129:17-98
171-->[androidx.work:work-runtime:2.9.0] AndroidManifest.xml:129:25-95
172            </intent-filter>
173        </receiver>
174        <receiver
174-->[androidx.work:work-runtime:2.9.0] AndroidManifest.xml:132:9-142:20
175            android:name="androidx.work.impl.diagnostics.DiagnosticsReceiver"
175-->[androidx.work:work-runtime:2.9.0] AndroidManifest.xml:133:13-78
176            android:directBootAware="false"
176-->[androidx.work:work-runtime:2.9.0] AndroidManifest.xml:134:13-44
177            android:enabled="true"
177-->[androidx.work:work-runtime:2.9.0] AndroidManifest.xml:135:13-35
178            android:exported="true"
178-->[androidx.work:work-runtime:2.9.0] AndroidManifest.xml:136:13-36
179            android:permission="android.permission.DUMP" >
179-->[androidx.work:work-runtime:2.9.0] AndroidManifest.xml:137:13-57
180            <intent-filter>
180-->[androidx.work:work-runtime:2.9.0] AndroidManifest.xml:139:13-141:29
181                <action android:name="androidx.work.diagnostics.REQUEST_DIAGNOSTICS" />
181-->[androidx.work:work-runtime:2.9.0] AndroidManifest.xml:140:17-88
181-->[androidx.work:work-runtime:2.9.0] AndroidManifest.xml:140:25-85
182            </intent-filter>
183        </receiver>
184
185        <service
185-->[androidx.room:room-runtime:2.5.0] AndroidManifest.xml:24:9-28:63
186            android:name="androidx.room.MultiInstanceInvalidationService"
186-->[androidx.room:room-runtime:2.5.0] AndroidManifest.xml:25:13-74
187            android:directBootAware="true"
187-->[androidx.room:room-runtime:2.5.0] AndroidManifest.xml:26:13-43
188            android:exported="false" />
188-->[androidx.room:room-runtime:2.5.0] AndroidManifest.xml:27:13-37
189
190        <receiver
190-->[androidx.profileinstaller:profileinstaller:1.3.1] AndroidManifest.xml:34:9-52:20
191            android:name="androidx.profileinstaller.ProfileInstallReceiver"
191-->[androidx.profileinstaller:profileinstaller:1.3.1] AndroidManifest.xml:35:13-76
192            android:directBootAware="false"
192-->[androidx.profileinstaller:profileinstaller:1.3.1] AndroidManifest.xml:36:13-44
193            android:enabled="true"
193-->[androidx.profileinstaller:profileinstaller:1.3.1] AndroidManifest.xml:37:13-35
194            android:exported="true"
194-->[androidx.profileinstaller:profileinstaller:1.3.1] AndroidManifest.xml:38:13-36
195            android:permission="android.permission.DUMP" >
195-->[androidx.profileinstaller:profileinstaller:1.3.1] AndroidManifest.xml:39:13-57
196            <intent-filter>
196-->[androidx.profileinstaller:profileinstaller:1.3.1] AndroidManifest.xml:40:13-42:29
197                <action android:name="androidx.profileinstaller.action.INSTALL_PROFILE" />
197-->[androidx.profileinstaller:profileinstaller:1.3.1] AndroidManifest.xml:41:17-91
197-->[androidx.profileinstaller:profileinstaller:1.3.1] AndroidManifest.xml:41:25-88
198            </intent-filter>
199            <intent-filter>
199-->[androidx.profileinstaller:profileinstaller:1.3.1] AndroidManifest.xml:43:13-45:29
200                <action android:name="androidx.profileinstaller.action.SKIP_FILE" />
200-->[androidx.profileinstaller:profileinstaller:1.3.1] AndroidManifest.xml:44:17-85
200-->[androidx.profileinstaller:profileinstaller:1.3.1] AndroidManifest.xml:44:25-82
201            </intent-filter>
202            <intent-filter>
202-->[androidx.profileinstaller:profileinstaller:1.3.1] AndroidManifest.xml:46:13-48:29
203                <action android:name="androidx.profileinstaller.action.SAVE_PROFILE" />
203-->[androidx.profileinstaller:profileinstaller:1.3.1] AndroidManifest.xml:47:17-88
203-->[androidx.profileinstaller:profileinstaller:1.3.1] AndroidManifest.xml:47:25-85
204            </intent-filter>
205            <intent-filter>
205-->[androidx.profileinstaller:profileinstaller:1.3.1] AndroidManifest.xml:49:13-51:29
206                <action android:name="androidx.profileinstaller.action.BENCHMARK_OPERATION" />
206-->[androidx.profileinstaller:profileinstaller:1.3.1] AndroidManifest.xml:50:17-95
206-->[androidx.profileinstaller:profileinstaller:1.3.1] AndroidManifest.xml:50:25-92
207            </intent-filter>
208        </receiver>
209    </application>
210
211</manifest>